0 info it worked if it ends with ok
1 verbose cli [ 'c:\\Program Files (x86)\\nodejs\\node.exe',
1 verbose cli   'c:\\Program Files (x86)\\nodejs\\node_modules\\npm\\bin\\npm-cli.js',
1 verbose cli   'install',
1 verbose cli   'angularui' ]
2 info using npm@1.2.15
3 info using node@v0.10.1
4 verbose read json d:\Scribden\package.json
5 verbose read json d:\Scribden\node_modules\async\package.json
6 verbose read json d:\Scribden\node_modules\express\package.json
7 verbose read json d:\Scribden\node_modules\generator-angular\package.json
8 verbose read json d:\Scribden\node_modules\generator-karma\package.json
9 verbose read json d:\Scribden\node_modules\grunt\package.json
10 verbose read json d:\Scribden\node_modules\grunt-bower-hooks\package.json
11 verbose read json d:\Scribden\node_modules\grunt-contrib-clean\package.json
12 verbose read json d:\Scribden\node_modules\grunt-contrib-coffee\package.json
13 verbose read json d:\Scribden\node_modules\grunt-contrib-compass\package.json
14 verbose read json d:\Scribden\node_modules\grunt-contrib-concat\package.json
15 verbose read json d:\Scribden\node_modules\grunt-contrib-connect\package.json
16 verbose read json d:\Scribden\node_modules\grunt-contrib-copy\package.json
17 verbose read json d:\Scribden\node_modules\grunt-contrib-htmlmin\package.json
18 verbose read json d:\Scribden\node_modules\grunt-contrib-imagemin\package.json
19 verbose read json d:\Scribden\node_modules\grunt-contrib-jshint\package.json
20 verbose read json d:\Scribden\node_modules\grunt-contrib-livereload\package.json
21 verbose read json d:\Scribden\node_modules\grunt-contrib-mincss\package.json
22 verbose read json d:\Scribden\node_modules\grunt-contrib-uglify\package.json
23 verbose read json d:\Scribden\node_modules\grunt-google-cdn\package.json
24 verbose read json d:\Scribden\node_modules\grunt-karma\package.json
25 verbose read json d:\Scribden\node_modules\grunt-ngmin\package.json
26 verbose read json d:\Scribden\node_modules\grunt-open\package.json
27 verbose read json d:\Scribden\node_modules\grunt-regarde\package.json
28 verbose read json d:\Scribden\node_modules\grunt-usemin\package.json
29 verbose read json d:\Scribden\node_modules\jade\package.json
30 verbose read json d:\Scribden\node_modules\karma\package.json
31 verbose read json d:\Scribden\node_modules\matchdep\package.json
32 verbose read json d:\Scribden\node_modules\mocha\package.json
33 verbose read json d:\Scribden\node_modules\mysql\package.json
34 verbose read json d:\Scribden\node_modules\node\package.json
35 verbose read json d:\Scribden\node_modules\node-gyp\package.json
36 verbose read json d:\Scribden\node_modules\node-inspector\package.json
37 verbose read json d:\Scribden\node_modules\passport\package.json
38 verbose read json d:\Scribden\node_modules\passport-local\package.json
39 verbose read json d:\Scribden\node_modules\q\package.json
40 verbose read json d:\Scribden\node_modules\socket.io\package.json
41 verbose from cache d:\Scribden\package.json
42 verbose readDependencies using package.json deps
43 verbose cache add [ 'angularui', null ]
44 verbose cache add name=undefined spec="angularui" args=["angularui",null]
45 verbose parsed url { protocol: null,
45 verbose parsed url   slashes: null,
45 verbose parsed url   auth: null,
45 verbose parsed url   host: null,
45 verbose parsed url   port: null,
45 verbose parsed url   hostname: null,
45 verbose parsed url   hash: null,
45 verbose parsed url   search: null,
45 verbose parsed url   query: null,
45 verbose parsed url   pathname: 'angularui',
45 verbose parsed url   path: 'angularui',
45 verbose parsed url   href: 'angularui' }
46 silly lockFile fa25a47b-angularui angularui
47 verbose lock angularui C:\Users\asus\AppData\Roaming\npm-cache\fa25a47b-angularui.lock
48 silly lockFile fa25a47b-angularui angularui
49 silly lockFile fa25a47b-angularui angularui
50 verbose addNamed [ 'angularui', '' ]
51 verbose addNamed [ null, '' ]
52 silly lockFile 6a4fdd63-angularui angularui@
53 verbose lock angularui@ C:\Users\asus\AppData\Roaming\npm-cache\6a4fdd63-angularui.lock
54 silly addNameRange { name: 'angularui', range: '', hasData: false }
55 verbose url raw angularui
56 verbose url resolving [ 'https://registry.npmjs.org/', './angularui' ]
57 verbose url resolved https://registry.npmjs.org/angularui
58 info trying registry request attempt 1 at 00:02:13
59 http GET https://registry.npmjs.org/angularui
60 http 404 https://registry.npmjs.org/angularui
61 silly registry.get cb [ 404,
61 silly registry.get   { server: 'CouchDB/1.3.0 (Erlang OTP/R15B03)',
61 silly registry.get     date: 'Tue, 23 Jul 2013 05:02:16 GMT',
61 silly registry.get     'content-type': 'application/json',
61 silly registry.get     'content-length': '52',
61 silly registry.get     'cache-control': 'must-revalidate' } ]
62 silly lockFile 6a4fdd63-angularui angularui@
63 silly lockFile 6a4fdd63-angularui angularui@
64 error 404 'angularui' is not in the npm registry.
64 error 404 You should bug the author to publish it
64 error 404
64 error 404 Note that you can also install from a
64 error 404 tarball, folder, or http url, or git url.
65 error System Windows_NT 6.1.7601
66 error command "c:\\Program Files (x86)\\nodejs\\node.exe" "c:\\Program Files (x86)\\nodejs\\node_modules\\npm\\bin\\npm-cli.js" "install" "angularui"
67 error cwd d:\Scribden
68 error node -v v0.10.1
69 error npm -v 1.2.15
70 error code E404
71 verbose exit [ 1, true ]
